<?xml version="1.0" encoding="UTF-8"?>
<robot generator="Robot 7.3.2 (Python 3.13.9 on linux)" generated="2026-01-07T10:43:55.625758" rpa="false" schemaversion="5">
<suite id="s1" name="Tests" source="/opt/robotframework/tests">
<suite id="s1-s1" name="Api Test" source="/opt/robotframework/tests/api_test.robot">
<test id="s1-s1-t1" name="Verify JSONPlaceholder API" line="5">
<kw name="Create Session" owner="RequestsLibrary">
<msg time="2026-01-07T10:43:55.697434" level="INFO">Creating Session using : alias=api, url=https://jsonplaceholder.typicode.com, headers={},                     cookies={}, auth=None, timeout=None, proxies=None, verify=False,                     debug=0 </msg>
<arg>api</arg>
<arg>https://jsonplaceholder.typicode.com</arg>
<doc>Create Session: create a HTTP session to a server</doc>
<status status="PASS" start="2026-01-07T10:43:55.697290" elapsed="0.000315"/>
</kw>
<kw name="GET On Session" owner="RequestsLibrary">
<msg time="2026-01-07T10:43:55.730012" level="INFO">GET Request : url=https://jsonplaceholder.typicode.com/posts/1 
 path_url=/posts/1 
 headers={'User-Agent': 'python-requests/2.32.5', 'Accept-Encoding': 'gzip, deflate', 'Accept': '*/*', 'Connection': 'keep-alive'} 
 body=None 
 </msg>
<msg time="2026-01-07T10:43:55.730150" level="INFO">GET Response : url=https://jsonplaceholder.typicode.com/posts/1 
 status=200, reason=OK 
 headers={'Date': 'Wed, 07 Jan 2026 10:43:55 GMT', 'Content-Type': 'application/json; charset=utf-8', 'Transfer-Encoding': 'chunked', 'Connection': 'keep-alive', 'access-control-allow-credentials': 'true', 'Cache-Control': 'max-age=43200', 'etag': 'W/"124-yiKdLzqO5gfBrJFrcdJ8Yq0LGnU"', 'expires': '-1', 'nel': '{"report_to":"heroku-nel","response_headers":["Via"],"max_age":3600,"success_fraction":0.01,"failure_fraction":0.1}', 'pragma': 'no-cache', 'report-to': '{"group":"heroku-nel","endpoints":[{"url":"https://nel.heroku.com/reports?s=BvkCmxQwPCviXs55VLMYcbJUeBxmDo43gqo2lmLRYQY%3D\\u0026sid=e11707d5-02a7-43ef-b45e-2cf4d2036f7d\\u0026ts=1764954673"}],"max_age":3600}', 'reporting-endpoints': 'heroku-nel="https://nel.heroku.com/reports?s=BvkCmxQwPCviXs55VLMYcbJUeBxmDo43gqo2lmLRYQY%3D&amp;sid=e11707d5-02a7-43ef-b45e-2cf4d2036f7d&amp;ts=1764954673"', 'Server': 'cloudflare', 'vary': 'Origin, Accept-Encoding', 'via': '2.0 heroku-router', 'x-content-type-options': 'nosniff', 'x-powered-by': 'Express', 'x-ratelimit-limit': '1000', 'x-ratelimit-remaining': '999', 'x-ratelimit-reset': '1764954720', 'Age': '14700', 'cf-cache-status': 'HIT', 'Content-Encoding': 'gzip', 'CF-RAY': '9ba2db6149e5d6f0-IAD', 'alt-svc': 'h3=":443"; ma=86400'} 
 body={
  "userId": 1,
  "id": 1,
  "title": "sunt aut facere repellat provident occaecati excepturi optio reprehenderit",
  "body": "quia et suscipit\nsuscipit recusandae consequuntur expedita et cum\nreprehenderit molestiae ut ut quas totam\nnostrum rerum est autem sunt rem eveniet architecto"
} 
 </msg>
<msg time="2026-01-07T10:43:55.730228" level="INFO">/usr/local/lib/python3.13/site-packages/urllib3/connectionpool.py:1097: InsecureRequestWarning: Unverified HTTPS request is being made to host 'jsonplaceholder.typicode.com'. Adding certificate verification is strongly advised. See: https://urllib3.readthedocs.io/en/latest/advanced-usage.html#tls-warnings
  warnings.warn(</msg>
<msg time="2026-01-07T10:43:55.730379" level="INFO">${resp} = &lt;Response [200]&gt;</msg>
<var>${resp}</var>
<arg>api</arg>
<arg>/posts/1</arg>
<doc>Sends a GET request on a previously created HTTP Session.</doc>
<status status="PASS" start="2026-01-07T10:43:55.697745" elapsed="0.032672"/>
</kw>
<kw name="Status Should Be" owner="RequestsLibrary">
<arg>200</arg>
<arg>${resp}</arg>
<doc>Fails if response status code is different than the expected.</doc>
<status status="PASS" start="2026-01-07T10:43:55.730607" elapsed="0.000328"/>
</kw>
<kw name="Log To Console" owner="BuiltIn">
<arg>\nAPI Response Title: ${resp.json()['title']}</arg>
<doc>Logs the given message to the console.</doc>
<status status="PASS" start="2026-01-07T10:43:55.731058" elapsed="0.000623"/>
</kw>
<doc>这是一个演示用的 API 调用</doc>
<status status="PASS" start="2026-01-07T10:43:55.696253" elapsed="0.035570"/>
</test>
<status status="PASS" start="2026-01-07T10:43:55.647120" elapsed="0.085125"/>
</suite>
<status status="PASS" start="2026-01-07T10:43:55.626820" elapsed="0.105962"/>
</suite>
<statistics>
<total>
<stat pass="1" fail="0" skip="0">All Tests</stat>
</total>
<tag>
</tag>
<suite>
<stat name="Tests" id="s1" pass="1" fail="0" skip="0">Tests</stat>
<stat name="Api Test" id="s1-s1" pass="1" fail="0" skip="0">Tests.Api Test</stat>
</suite>
</statistics>
<errors>
</errors>
</robot>
